<?xml version="1.0" encoding="UTF-8"?>
<testsuite name="com.jini.redbubble.price.PriceCalculatorTest" tests="4" skipped="0" failures="0" errors="0" timestamp="2021-05-10T14:30:35" hostname="Monendras-MacBook-Pro-2.local" time="0.145">
  <properties/>
  <testcase name="testPriceCalculator" classname="com.jini.redbubble.price.PriceCalculatorTest" time="0.134"/>
  <testcase name="testItemTotal" classname="com.jini.redbubble.price.PriceCalculatorTest" time="0.004"/>
  <testcase name="testInvalidCartQty" classname="com.jini.redbubble.price.PriceCalculatorTest" time="0.003"/>
  <testcase name="testInvalidCartArtistMarkup" classname="com.jini.redbubble.price.PriceCalculatorTest" time="0.004"/>
  <system-out><![CDATA[]]></system-out>
  <system-err><![CDATA[]]></system-err>
</testsuite>
