<?xml version="1.0" encoding="UTF-8"?>
<testsuite name="com.jini.redbubble.cart.CartTest" tests="4" skipped="0" failures="0" errors="0" timestamp="2021-05-10T14:30:36" hostname="Monendras-MacBook-Pro-2.local" time="0.013">
  <properties/>
  <testcase name="testEmptyFile" classname="com.jini.redbubble.cart.CartTest" time="0.003"/>
  <testcase name="testCalculateTotalCart" classname="com.jini.redbubble.cart.CartTest" time="0.004"/>
  <testcase name="testCartInvalidJson" classname="com.jini.redbubble.cart.CartTest" time="0.003"/>
  <testcase name="testCartInvalidOption" classname="com.jini.redbubble.cart.CartTest" time="0.003"/>
  <system-out><![CDATA[]]></system-out>
  <system-err><![CDATA[]]></system-err>
</testsuite>
